<?xml version="1.0" encoding="UTF-8"?>
<testsuite name="personTest" tests="1" skipped="0" failures="0" errors="0" timestamp="2020-02-05T13:42:48" hostname="umuzi" time="0.002">
  <properties/>
  <testcase name="PersonTest" classname="personTest" time="0.002"/>
  <system-out><![CDATA[]]></system-out>
  <system-err><![CDATA[]]></system-err>
</testsuite>
